<?xml version="1.0" encoding="UTF-8"?>
<!-- Generated by org.testng.reporters.JUnitReportReporter -->
<testsuite hostname="SITAKANTASWAIN" failures="0" tests="2" name="testng.Exp_testing" time="0.005" errors="0" timestamp="9 Nov 2023 06:39:33 GMT">
  <testcase classname="testng.Exp_testing" name="delemp" time="0.001"/>
  <testcase classname="testng.Exp_testing" name="addemp" time="0.004"/>
</testsuite> <!-- testng.Exp_testing -->
