<?xml version="1.0" encoding="UTF-8"?>
<!-- Generated by org.testng.reporters.JUnitReportReporter -->
<testsuite hostname="SITAKANTASWAIN" failures="0" tests="1" name="testng.Exp_Testng1" time="0.007" errors="0" timestamp="6 Nov 2023 05:50:27 GMT">
  <testcase classname="testng.Exp_Testng1" name="login" time="0.007"/>
</testsuite> <!-- testng.Exp_Testng1 -->
