<?xml version="1.0" encoding="UTF-8"?>
<!-- Generated by org.testng.reporters.JUnitReportReporter -->
<testsuite hostname="SITAKANTASWAIN" failures="0" tests="2" name="testng.Exp_Testng_Using_Method" time="0.008" errors="0" timestamp="6 Nov 2023 06:28:30 GMT">
  <testcase classname="testng.Exp_Testng_Using_Method" name="delemp" time="0.006"/>
  <testcase classname="testng.Exp_Testng_Using_Method" name="addEmp" time="0.002"/>
</testsuite> <!-- testng.Exp_Testng_Using_Method -->
