<?xml version="1.0" encoding="UTF-8"?>
<!-- Generated by org.testng.reporters.JUnitReportReporter -->
<testsuite hostname="SITAKANTASWAIN" failures="0" tests="1" name="testng.Exp_Webdriver_testng" time="5.218" errors="0" timestamp="6 Nov 2023 06:46:40 GMT">
  <testcase classname="testng.Exp_Webdriver_testng" name="TC001" time="5.218"/>
</testsuite> <!-- testng.Exp_Webdriver_testng -->
