<?xml version="1.0" encoding="UTF-8"?>
<!-- Generated by org.testng.reporters.JUnitReportReporter -->
<testsuite hostname="SITAKANTASWAIN" failures="0" tests="4" name="testng.Exp_Testng2" time="0.012" errors="0" timestamp="6 Nov 2023 05:59:25 GMT">
  <testcase classname="testng.Exp_Testng2" name="addemp" time="0.009"/>
  <testcase classname="testng.Exp_Testng2" name="login" time="0.001"/>
  <testcase classname="testng.Exp_Testng2" name="delemp" time="0.001"/>
  <testcase classname="testng.Exp_Testng2" name="logout" time="0.001"/>
</testsuite> <!-- testng.Exp_Testng2 -->
