<?xml version="1.0" encoding="UTF-8"?>
<!-- Generated by org.testng.reporters.JUnitReportReporter -->
<testsuite hostname="SITAKANTASWAIN" failures="0" tests="1" name="com.hrms.testscripts.TC002" time="27.652" errors="0" timestamp="9 Nov 2023 15:10:49 GMT">
  <testcase classname="com.hrms.testscripts.TC002" name="tc002" time="27.652"/>
</testsuite> <!-- com.hrms.testscripts.TC002 -->
